<?xml version="1.0" encoding="UTF-8"?>
<testng-results skipped="0" failed="0" total="1" passed="1">
  <reporter-output>
  </reporter-output>
  <suite name="Biocept" duration-ms="375" started-at="2019-08-25T18:06:58Z" finished-at="2019-08-25T18:06:58Z">
    <groups>
    </groups>
    <test name="CTC-FISH Workflow" duration-ms="375" started-at="2019-08-25T18:06:58Z" finished-at="2019-08-25T18:06:58Z">
      <class name="biocept.qa.testcases.Dummy">
        <test-method status="PASS" signature="f()[pri:0, instance:biocept.qa.testcases.Dummy@25bbf683]" name="f" duration-ms="16" started-at="2019-08-25T23:36:58Z" finished-at="2019-08-25T23:36:58Z">
          <reporter-output>
          </reporter-output>
        </test-method> <!-- f -->
      </class> <!-- biocept.qa.testcases.Dummy -->
    </test> <!-- CTC-FISH Workflow -->
  </suite> <!-- Biocept -->
</testng-results>
