<?xml version="1.0" encoding="UTF-8"?>
<!-- Generated by org.testng.reporters.JUnitXMLReporter -->
<testsuite hostname="Amarendra" name="Molecular Workflow" tests="2" failures="2" timestamp="24 Aug 2019 10:38:01 GMT" time="6.072" errors="0">
  <testcase name="PlaceNewOrderForMolecular" time="0.006" classname="biocept.qa.testcases.TestConfig">
    <failure type="java.lang.NullPointerException">
      <![CDATA[java.lang.NullPointerException
	at biocept.qa.base.BioceptBase.getResult(BioceptBase.java:39)
	at biocept.qa.extentreport.ExtentListeners.onTestStart(ExtentListeners.java:70)
	at java.util.concurrent.FutureTask.run(Unknown Source)
	at java.util.concurrent.ThreadPoolExecutor.runWorker(Unknown Source)
	at java.util.concurrent.ThreadPoolExecutor$Worker.run(Unknown Source)
	at java.lang.Thread.run(Unknown Source)
... Removed 13 stack frames]]>
    </failure>
  </testcase> <!-- PlaceNewOrderForMolecular -->
  <testcase name="PlaceNewOrderForMolecular" time="0.556" classname="biocept.qa.testcases.TestConfig">
    <failure type="java.lang.NullPointerException">
      <![CDATA[java.lang.NullPointerException
	at biocept.qa.extentreport.ExtentListeners.onTestFailure(ExtentListeners.java:47)
	at java.util.concurrent.FutureTask.run(Unknown Source)
	at java.util.concurrent.ThreadPoolExecutor.runWorker(Unknown Source)
	at java.util.concurrent.ThreadPoolExecutor$Worker.run(Unknown Source)
	at java.lang.Thread.run(Unknown Source)
... Removed 13 stack frames]]>
    </failure>
  </testcase> <!-- PlaceNewOrderForMolecular -->
</testsuite> <!-- Molecular Workflow -->
